<?xml version="1.0" encoding="UTF-8"?>
<testng-results ignored="0" total="1" passed="1" failed="0" skipped="0">
  <reporter-output>
  </reporter-output>
  <suite started-at="2023-12-09T13:53:44 CST" name="Default suite" finished-at="2023-12-09T13:53:59 CST" duration-ms="15006">
    <groups>
    </groups>
    <test started-at="2023-12-09T13:53:44 CST" name="Default test" finished-at="2023-12-09T13:53:59 CST" duration-ms="15006">
      <class name="test.AddCustomerTest">
        <test-method signature="userShouldBeAbleToAddNewCustomer()[pri:0, instance:test.AddCustomerTest@750e2b97]" started-at="2023-12-09T13:53:44 CST" name="userShouldBeAbleToAddNewCustomer" finished-at="2023-12-09T13:53:59 CST" duration-ms="14939" status="PASS">
          <reporter-output>
          </reporter-output>
        </test-method> <!-- userShouldBeAbleToAddNewCustomer -->
      </class> <!-- test.AddCustomerTest -->
    </test> <!-- Default test -->
  </suite> <!-- Default suite -->
</testng-results>
